[debug] [2023-04-28T07:48:11.919Z] ----------------------------------------------------------------------
[debug] [2023-04-28T07:48:11.921Z] Command:       /usr/local/bin/node /usr/local/bin/firebase serve --only functions
[debug] [2023-04-28T07:48:11.922Z] CLI Version:   11.29.1
[debug] [2023-04-28T07:48:11.922Z] Platform:      darwin
[debug] [2023-04-28T07:48:11.922Z] Node Version:  v18.8.0
[debug] [2023-04-28T07:48:11.924Z] Time:          Fri Apr 28 2023 09:48:11 GMT+0200 (Central European Summer Time)
[debug] [2023-04-28T07:48:11.924Z] ----------------------------------------------------------------------
[debug] 
[debug] [2023-04-28T07:48:12.082Z] > command requires scopes: ["email","openid","https://www.googleapis.com/auth/cloudplatformprojects.readonly","https://www.googleapis.com/auth/firebase","https://www.googleapis.com/auth/cloud-platform"]
[debug] [2023-04-28T07:48:12.082Z] > authorizing via signed-in user (cris.stephens@googlemail.com)
[debug] [2023-04-28T07:48:12.082Z] [iam] checking project finance-affiliate-app for permissions ["firebase.projects.get"]
[debug] [2023-04-28T07:48:12.085Z] >>> [apiv2][query] POST https://cloudresourcemanager.googleapis.com/v1/projects/finance-affiliate-app:testIamPermissions [none]
[debug] [2023-04-28T07:48:12.085Z] >>> [apiv2][(partial)header] POST https://cloudresourcemanager.googleapis.com/v1/projects/finance-affiliate-app:testIamPermissions x-goog-quota-user=projects/finance-affiliate-app
[debug] [2023-04-28T07:48:12.085Z] >>> [apiv2][body] POST https://cloudresourcemanager.googleapis.com/v1/projects/finance-affiliate-app:testIamPermissions {"permissions":["firebase.projects.get"]}
[debug] [2023-04-28T07:48:12.877Z] <<< [apiv2][status] POST https://cloudresourcemanager.googleapis.com/v1/projects/finance-affiliate-app:testIamPermissions 200
[debug] [2023-04-28T07:48:12.877Z] <<< [apiv2][body] POST https://cloudresourcemanager.googleapis.com/v1/projects/finance-affiliate-app:testIamPermissions {"permissions":["firebase.projects.get"]}
[debug] [2023-04-28T07:48:12.879Z] >>> [apiv2][query] GET https://firebase.googleapis.com/v1beta1/projects/finance-affiliate-app [none]
[debug] [2023-04-28T07:48:13.329Z] <<< [apiv2][status] GET https://firebase.googleapis.com/v1beta1/projects/finance-affiliate-app 200
[debug] [2023-04-28T07:48:13.330Z] <<< [apiv2][body] GET https://firebase.googleapis.com/v1beta1/projects/finance-affiliate-app {"projectId":"finance-affiliate-app","projectNumber":"541799130114","displayName":"finance-affiliate-app","name":"projects/finance-affiliate-app","resources":{"hostingSite":"finance-affiliate-app","realtimeDatabaseInstance":"finance-affiliate-app-default-rtdb","storageBucket":"finance-affiliate-app.appspot.com","locationId":"europe-west"},"state":"ACTIVE","etag":"1_3a0c733e-b304-4e36-927f-236f5b885e30"}
[debug] [2023-04-28T07:48:13.337Z] defaultcredentials: writing to file /Users/chris/.config/firebase/cris_stephens_googlemail.com_application_default_credentials.json
[debug] [2023-04-28T07:48:13.344Z] Setting GAC to /Users/chris/.config/firebase/cris_stephens_googlemail.com_application_default_credentials.json {"metadata":{"emulator":{"name":"functions"},"message":"Setting GAC to /Users/chris/.config/firebase/cris_stephens_googlemail.com_application_default_credentials.json"}}
[debug] [2023-04-28T07:48:13.345Z] >>> [apiv2][query] GET https://firebase.googleapis.com/v1beta1/projects/finance-affiliate-app/adminSdkConfig [none]
[debug] [2023-04-28T07:48:13.654Z] <<< [apiv2][status] GET https://firebase.googleapis.com/v1beta1/projects/finance-affiliate-app/adminSdkConfig 200
[debug] [2023-04-28T07:48:13.655Z] <<< [apiv2][body] GET https://firebase.googleapis.com/v1beta1/projects/finance-affiliate-app/adminSdkConfig {"projectId":"finance-affiliate-app","databaseURL":"https://finance-affiliate-app-default-rtdb.europe-west1.firebasedatabase.app","storageBucket":"finance-affiliate-app.appspot.com","locationId":"europe-west"}
[info] i  functions: Watching "/Users/chris/Documents/WebDesign/React/2yourcredit/backend" for Cloud Functions... {"metadata":{"emulator":{"name":"functions"},"message":"Watching \"/Users/chris/Documents/WebDesign/React/2yourcredit/backend\" for Cloud Functions..."}}
[debug] [2023-04-28T07:48:13.706Z] Validating nodejs source
[debug] [2023-04-28T07:48:15.088Z] > [functions] package.json contents: {
  "name": "finance-affiliate-api",
  "version": "1.0.0",
  "description": "Finance Affiliate API",
  "author": "cris.stephens@gmail.com",
  "scripts": {
    "lint": "eslint .",
    "serve": "firebase serve --only functions",
    "emu": "firebase emulators:start --only functions",
    "shell": "firebase functions:shell",
    "start": "npm run shell",
    "logs": "firebase functions:log",
    "deploy": "firebase deploy --only functions"
  },
  "engines": {
    "node": "18"
  },
  "dependencies": {
    "axios": "^0.27.2",
    "dotenv": "^16.0.3",
    "express": "^4.18.1",
    "firebase-admin": "^11.0.1",
    "firebase-functions": "^4.3.1",
    "https": "^1.0.0"
  },
  "devDependencies": {
    "eslint": "^8.23.1",
    "eslint-config-google": "^0.14.0",
    "firebase-functions-test": "^2.4.0"
  },
  "private": true,
  "main": "index.js",
  "directories": {
    "func": "func",
    "lib": "lib"
  },
  "keywords": [],
  "license": "ISC"
}
[debug] [2023-04-28T07:48:15.089Z] Building nodejs source
[debug] [2023-04-28T07:48:15.090Z] Failed to find version of module node: reached end of search path /Users/chris/Documents/WebDesign/React/2yourcredit/backend/node_modules
[info] ✔  functions: Using node@18 from host. 
[error] ⬢  functions: Failed to load function definition from source: FirebaseError: Failed to load environment variables from .env. {"metadata":{"emulator":{"name":"functions"},"message":"Failed to load function definition from source: FirebaseError: Failed to load environment variables from .env."}}
